\BOOKMARK [1][-]{section.1}{Introduction}{}% 1
\BOOKMARK [2][-]{subsection.1.1}{The Problem}{section.1}% 2
\BOOKMARK [2][-]{subsection.1.2}{Aim}{section.1}% 3
\BOOKMARK [2][-]{subsection.1.3}{Methodology}{section.1}% 4
\BOOKMARK [3][-]{subsubsection.1.3.1}{Background}{subsection.1.3}% 5
\BOOKMARK [3][-]{subsubsection.1.3.2}{Scanning}{subsection.1.3}% 6
\BOOKMARK [3][-]{subsubsection.1.3.3}{Enumeration}{subsection.1.3}% 7
\BOOKMARK [3][-]{subsubsection.1.3.4}{Penetration}{subsection.1.3}% 8
\BOOKMARK [1][-]{section.2}{Procedure \046 Results}{}% 9
\BOOKMARK [2][-]{subsection.2.1}{Scanning}{section.2}% 10
\BOOKMARK [3][-]{subsubsection.2.1.1}{White Box information}{subsection.2.1}% 11
\BOOKMARK [3][-]{subsubsection.2.1.2}{Procedure}{subsection.2.1}% 12
\BOOKMARK [3][-]{subsubsection.2.1.3}{Analysis}{subsection.2.1}% 13
\BOOKMARK [2][-]{subsection.2.2}{Enumeration}{section.2}% 14
\BOOKMARK [3][-]{subsubsection.2.2.1}{Procedure}{subsection.2.2}% 15
\BOOKMARK [3][-]{subsubsection.2.2.2}{Analysis}{subsection.2.2}% 16
\BOOKMARK [2][-]{subsection.2.3}{Penetration}{section.2}% 17
\BOOKMARK [3][-]{subsubsection.2.3.1}{Procedure}{subsection.2.3}% 18
\BOOKMARK [3][-]{subsubsection.2.3.2}{Analysis}{subsection.2.3}% 19
\BOOKMARK [1][-]{section.3}{Results \046 Discussion}{}% 20
\BOOKMARK [2][-]{subsection.3.1}{Results}{section.3}% 21
\BOOKMARK [2][-]{subsection.3.2}{General Discussion \046 Conclusions}{section.3}% 22
\BOOKMARK [2][-]{subsection.3.3}{Countermeasures}{section.3}% 23
\BOOKMARK [3][-]{subsubsection.3.3.1}{Network Security}{subsection.3.3}% 24
\BOOKMARK [3][-]{subsubsection.3.3.2}{User Security}{subsection.3.3}% 25
\BOOKMARK [2][-]{subsection.3.4}{Future Work}{section.3}% 26
\BOOKMARK [1][-]{subsection.3.4}{Glossary}{}% 27
\BOOKMARK [1][-]{section*.4}{Appendices}{}% 28
\BOOKMARK [1][-]{Appendix.a.A}{Nmap}{}% 29
\BOOKMARK [2][-]{subsection.a.A.1}{Server 1 TCP Scan}{Appendix.a.A}% 30
\BOOKMARK [2][-]{subsection.a.A.2}{Server 2 TCP Scan}{Appendix.a.A}% 31
\BOOKMARK [2][-]{subsection.a.A.3}{Client 1 TCP Scan}{Appendix.a.A}% 32
\BOOKMARK [2][-]{subsection.a.A.4}{Client 2 TCP Scan}{Appendix.a.A}% 33
\BOOKMARK [2][-]{subsection.a.A.5}{Server 1 UDP Scan}{Appendix.a.A}% 34
\BOOKMARK [2][-]{subsection.a.A.6}{Server 2 UDP Scan}{Appendix.a.A}% 35
\BOOKMARK [2][-]{subsection.a.A.7}{Client 1 UDP Scan}{Appendix.a.A}% 36
\BOOKMARK [2][-]{subsection.a.A.8}{Client 2 UDP Scan}{Appendix.a.A}% 37
\BOOKMARK [1][-]{Appendix.a.B}{RPCClient SrvInfo}{}% 38
\BOOKMARK [1][-]{Appendix.a.C}{RPCClient QueryDomInfo}{}% 39
\BOOKMARK [1][-]{Appendix.a.D}{RPCClient EnumDomUsers}{}% 40
\BOOKMARK [1][-]{Appendix.a.E}{RPCClient LookupNames Administrators}{}% 41
\BOOKMARK [1][-]{Appendix.a.F}{RPCClient LookupNames Administrator}{}% 42
\BOOKMARK [1][-]{Appendix.a.G}{NetBIOS Command Console}{}% 43
\BOOKMARK [1][-]{Appendix.a.H}{NetBIOS Admin List}{}% 44
\BOOKMARK [1][-]{Appendix.a.I}{Nessus Server 1 Output}{}% 45
\BOOKMARK [1][-]{Appendix.a.J}{Nessus Client 1 Output}{}% 46
\BOOKMARK [1][-]{Appendix.a.K}{Metasploit Setting Payload}{}% 47
\BOOKMARK [1][-]{Appendix.a.L}{Metasploit Setting Remote Host}{}% 48
\BOOKMARK [1][-]{Appendix.a.M}{Metasploit Setting Local Host}{}% 49
\BOOKMARK [1][-]{Appendix.a.N}{Metasploit Re-setting Remote Host}{}% 50
\BOOKMARK [1][-]{Appendix.a.O}{Metasploit Hash Dump}{}% 51
\BOOKMARK [1][-]{Appendix.a.P}{Using Cain to Crack the Hashes}{}% 52
\BOOKMARK [1][-]{Appendix.a.Q}{Cracked Administrator Account}{}% 53
\BOOKMARK [1][-]{Appendix.a.R}{Logged in with Administrative Privileges}{}% 54
\BOOKMARK [1][-]{Appendix.a.S}{Hydra Input}{}% 55
\BOOKMARK [1][-]{Appendix.a.T}{Hydra Output}{}% 56
